4/25/2011 3:49:32 PM: 
4/25/2011 3:49:32 PM: Enter MainProcess.
4/25/2011 3:49:35 PM: Successful log into Oracle.
4/25/2011 3:49:48 PM: EmailInvoicesToCustomers: Too early to process invoices.
4/25/2011 3:49:55 PM: 0 Emails sent out
4/25/2011 3:49:55 PM: Closing Log file.
4/25/2011 3:50:14 PM: 
4/25/2011 3:50:14 PM: Enter MainProcess.
4/25/2011 3:50:16 PM: Successful log into Oracle.
4/25/2011 4:17:18 PM: 0 Emails sent out
4/25/2011 4:17:22 PM: Closing Log file.
4/25/2011 4:58:40 PM: 
4/25/2011 4:58:40 PM: Enter MainProcess.
4/25/2011 4:58:43 PM: Successful log into Oracle.
4/25/2011 4:58:48 PM: EmailInvoicesToCustomers: Too early to process invoices.
4/25/2011 4:58:48 PM: 0 Emails sent out
4/25/2011 4:58:48 PM: Closing Log file.
4/25/2011 5:27:31 PM: 
4/25/2011 5:27:31 PM: Enter MainProcess.
4/25/2011 5:27:33 PM: Successful log into Oracle.
4/25/2011 5:32:23 PM: 
4/25/2011 5:32:23 PM: Enter MainProcess.
4/25/2011 5:32:25 PM: Successful log into Oracle.
4/25/2011 5:33:36 PM: 0 Emails sent out
4/25/2011 5:33:36 PM: Closing Log file.
4/25/2011 5:46:33 PM: 
4/25/2011 5:46:33 PM: Enter MainProcess.
4/25/2011 5:46:35 PM: Successful log into Oracle.
4/25/2011 5:46:48 PM: EmailInvoicesToCustomers: Too early to process invoices.
4/25/2011 5:46:48 PM: 0 Emails sent out
4/25/2011 5:46:48 PM: Closing Log file.
4/25/2011 5:47:13 PM: 
4/25/2011 5:47:13 PM: Enter MainProcess.
4/25/2011 5:47:15 PM: Successful log into Oracle.
4/25/2011 5:49:54 PM: 0 Emails sent out
4/25/2011 5:49:54 PM: Closing Log file.
4/25/2011 6:43:33 PM: 
4/25/2011 6:43:33 PM: Enter MainProcess.
4/25/2011 6:43:35 PM: Successful log into Oracle.
4/25/2011 6:49:30 PM: 0 Emails sent out
4/25/2011 6:49:34 PM: Closing Log file.
4/25/2011 7:12:37 PM: 
4/25/2011 7:12:37 PM: Enter MainProcess.
4/25/2011 7:12:40 PM: Successful log into Oracle.
4/25/2011 7:14:35 PM: 3 Emails sent out
4/25/2011 7:14:35 PM: Closing Log file.
