7/13/2011 3:00:23 PM: 
7/13/2011 3:00:23 PM: Enter MainProcess.
7/13/2011 3:00:39 PM: Main Process: Emails already sent today.
7/13/2011 3:01:18 PM: Successful log into Oracle.
7/13/2011 3:06:00 PM: 012031, 000000 - '0013981683', '0013983098', '0013983180'
7/13/2011 3:09:20 PM: 013469, 000000 - '0013957918', '0013970767', '0013971093', '0013966476', '0013983393', '0013972336', '0013972777'
7/13/2011 3:15:38 PM: 014686, 000001 - '0000436745'
7/13/2011 3:16:27 PM: 014688, 000001 - '0013974941'
7/13/2011 3:17:00 PM: 014864, 000000 - '0013982543'
7/13/2011 3:17:25 PM: 016622, 000000 - '0013958595', '0013968630', '0013968865', '0013969041', '0013969374', '0013968232', '0013984080', '0013970330', '0013969734', '0013982018', '0013976041', '0013976153', '0013984097', '0013984320', '0013984351', '0013973063', '0013962130', '0013971607', '0013968953', '0013957064', '0013958708'
7/13/2011 3:18:05 PM: 020000, 002379 - '0013983775'
7/13/2011 3:18:28 PM: 6 Emails sent out
7/13/2011 3:18:36 PM: Closing Log file.
7/13/2011 8:19:44 PM: 
7/13/2011 8:19:44 PM: Enter MainProcess.
7/13/2011 8:19:52 PM: Successful log into Oracle.
7/13/2011 8:20:00 PM: 012031, 000000 - '0013981683', '0013983098', '0013983180'
7/13/2011 8:21:19 PM: 013469, 000000 - '0013957918', '0013970767', '0013971093', '0013966476', '0013983393', '0013972336', '0013972777'
7/13/2011 8:21:40 PM: 014686, 000001 - '0000436745'
7/13/2011 8:22:09 PM: 014688, 000001 - '0013974941'
7/13/2011 8:22:18 PM: 014864, 000000 - '0013982543', '0013989229'
7/13/2011 8:22:36 PM: 016622, 000000 - '0013958595', '0013968630', '0013968865', '0013969041', '0013969374', '0013968232', '0013984080', '0013984515', '0013970330', '0013988738', '0013969734', '0013982018', '0013976041', '0013976153', '0013984097', '0013984320', '0013984351', '0013988086', '0013973063', '0013962130', '0013971607', '0013968953', '0013988129', '0013957064', '0013958708'
7/13/2011 8:22:49 PM: 020000, 002379 - '0013983775'
7/13/2011 8:23:01 PM: 7 Emails sent out
7/13/2011 8:23:01 PM: Closing Log file.
